<?xml version="1.0" encoding="UTF-8"?>
<!-- Generated by org.testng.reporters.JUnitXMLReporter -->
<testsuite ignored="0" hostname="DESKTOP-I73KJAS" failures="0" tests="6" name="Default test" time="12.621" errors="0" timestamp="2024-12-28T16:41:52 IST">
  <testcase classname="api.test.DDtests" name="testPostUser" time="3.673"/>
  <testcase classname="api.test.DDtests" name="testPostUser" time="1.37"/>
  <testcase classname="api.test.DDtests" name="testPostUser" time="1.428"/>
  <testcase classname="api.test.DDtests" name="testDeleteUser" time="1.53"/>
  <testcase classname="api.test.DDtests" name="testDeleteUser" time="1.426"/>
  <testcase classname="api.test.DDtests" name="testDeleteUser" time="1.427"/>
</testsuite> <!-- Default test -->
