<?xml version="1.0" encoding="UTF-8"?>
<testng-results ignored="0" total="4" passed="4" failed="0" skipped="0">
  <reporter-output>
  </reporter-output>
  <suite started-at="2024-12-28T17:30:37 IST" name="Suite" finished-at="2024-12-28T17:30:46 IST" duration-ms="8510">
    <groups>
    </groups>
    <test started-at="2024-12-28T17:30:37 IST" name="Test" finished-at="2024-12-28T17:30:46 IST" duration-ms="8510">
      <class name="api.test.UserTests">
        <test-method is-config="true" signature="setupData()[pri:0, instance:api.test.UserTests@5e5d171f]" started-at="2024-12-28T17:30:37 IST" name="setupData" finished-at="2024-12-28T17:30:38 IST" duration-ms="214" status="PASS">
          <reporter-output>
          </reporter-output>
        </test-method> <!-- setupData -->
        <test-method signature="testPostUser()[pri:1, instance:api.test.UserTests@5e5d171f]" started-at="2024-12-28T17:30:38 IST" name="testPostUser" finished-at="2024-12-28T17:30:41 IST" duration-ms="3469" status="PASS">
          <reporter-output>
          </reporter-output>
        </test-method> <!-- testPostUser -->
        <test-method signature="testGetUser()[pri:2, instance:api.test.UserTests@5e5d171f]" started-at="2024-12-28T17:30:41 IST" name="testGetUser" finished-at="2024-12-28T17:30:43 IST" duration-ms="1465" status="PASS">
          <reporter-output>
          </reporter-output>
        </test-method> <!-- testGetUser -->
        <test-method signature="updateUser()[pri:3, instance:api.test.UserTests@5e5d171f]" started-at="2024-12-28T17:30:43 IST" name="updateUser" finished-at="2024-12-28T17:30:44 IST" duration-ms="1527" status="PASS">
          <reporter-output>
          </reporter-output>
        </test-method> <!-- updateUser -->
        <test-method signature="testDeleteUser()[pri:4, instance:api.test.UserTests@5e5d171f]" started-at="2024-12-28T17:30:44 IST" name="testDeleteUser" finished-at="2024-12-28T17:30:46 IST" duration-ms="1528" status="PASS">
          <reporter-output>
          </reporter-output>
        </test-method> <!-- testDeleteUser -->
      </class> <!-- api.test.UserTests -->
    </test> <!-- Test -->
  </suite> <!-- Suite -->
</testng-results>
